<?xml version="1.0" encoding="UTF-8"?>
<testng-results skipped="0" failed="0" ignored="0" total="3" passed="3">
  <reporter-output>
  </reporter-output>
  <suite name="Simplilearn" duration-ms="12591" started-at="2021-11-09T04:50:04Z" finished-at="2021-11-09T04:50:17Z">
    <groups>
    </groups>
    <test name="Test" duration-ms="12591" started-at="2021-11-09T04:50:04Z" finished-at="2021-11-09T04:50:17Z">
      <class name="test.LoginTest">
        <test-method status="PASS" signature="ReportSetup()[pri:0, instance:test.LoginTest@4e718207]" name="ReportSetup" is-config="true" duration-ms="498" started-at="2021-11-09T04:50:04Z" finished-at="2021-11-09T04:50:05Z">
          <reporter-output>
          </reporter-output>
        </test-method> <!-- ReportSetup -->
        <test-method status="PASS" signature="setup()[pri:0, instance:test.LoginTest@4e718207]" name="setup" is-config="true" duration-ms="1480" started-at="2021-11-09T04:50:05Z" finished-at="2021-11-09T04:50:06Z">
          <reporter-output>
          </reporter-output>
        </test-method> <!-- setup -->
        <test-method status="PASS" signature="ExcelTest()[pri:0, instance:test.LoginTest@4e718207]" name="ExcelTest" duration-ms="2641" started-at="2021-11-09T04:50:06Z" finished-at="2021-11-09T04:50:09Z">
          <reporter-output>
          </reporter-output>
        </test-method> <!-- ExcelTest -->
        <test-method status="PASS" signature="teardown()[pri:0, instance:test.LoginTest@4e718207]" name="teardown" is-config="true" duration-ms="81" started-at="2021-11-09T04:50:09Z" finished-at="2021-11-09T04:50:09Z">
          <reporter-output>
          </reporter-output>
        </test-method> <!-- teardown -->
        <test-method status="PASS" signature="setup()[pri:0, instance:test.LoginTest@4e718207]" name="setup" is-config="true" duration-ms="1422" started-at="2021-11-09T04:50:09Z" finished-at="2021-11-09T04:50:10Z">
          <reporter-output>
          </reporter-output>
        </test-method> <!-- setup -->
        <test-method status="PASS" signature="NegativeLogin(java.lang.String, java.lang.String)[pri:0, instance:test.LoginTest@4e718207]" name="NegativeLogin" duration-ms="2286" started-at="2021-11-09T04:50:10Z" finished-at="2021-11-09T04:50:12Z">
          <params>
            <param index="0">
              <value>
                <![CDATA[abc@gmail.com]]>
              </value>
            </param>
            <param index="1">
              <value>
                <![CDATA[Pass@15dfd]]>
              </value>
            </param>
          </params>
          <reporter-output>
          </reporter-output>
        </test-method> <!-- NegativeLogin -->
        <test-method status="PASS" signature="teardown()[pri:0, instance:test.LoginTest@4e718207]" name="teardown" is-config="true" duration-ms="72" started-at="2021-11-09T04:50:12Z" finished-at="2021-11-09T04:50:13Z">
          <reporter-output>
          </reporter-output>
        </test-method> <!-- teardown -->
        <test-method status="PASS" signature="setup()[pri:0, instance:test.LoginTest@4e718207]" name="setup" is-config="true" duration-ms="1379" started-at="2021-11-09T04:50:13Z" finished-at="2021-11-09T04:50:14Z">
          <reporter-output>
          </reporter-output>
        </test-method> <!-- setup -->
        <test-method status="PASS" signature="PositiveLogin(java.lang.String, java.lang.String)[pri:0, instance:test.LoginTest@4e718207]" name="PositiveLogin" duration-ms="2381" started-at="2021-11-09T04:50:14Z" finished-at="2021-11-09T04:50:16Z">
          <params>
            <param index="0">
              <value>
                <![CDATA[abc@gmail.com]]>
              </value>
            </param>
            <param index="1">
              <value>
                <![CDATA[Pass@15dfd]]>
              </value>
            </param>
          </params>
          <reporter-output>
          </reporter-output>
        </test-method> <!-- PositiveLogin -->
        <test-method status="PASS" signature="teardown()[pri:0, instance:test.LoginTest@4e718207]" name="teardown" is-config="true" duration-ms="77" started-at="2021-11-09T04:50:16Z" finished-at="2021-11-09T04:50:16Z">
          <reporter-output>
          </reporter-output>
        </test-method> <!-- teardown -->
        <test-method status="PASS" signature="ReportTearDown()[pri:0, instance:test.LoginTest@4e718207]" name="ReportTearDown" is-config="true" duration-ms="255" started-at="2021-11-09T04:50:16Z" finished-at="2021-11-09T04:50:17Z">
          <reporter-output>
          </reporter-output>
        </test-method> <!-- ReportTearDown -->
      </class> <!-- test.LoginTest -->
    </test> <!-- Test -->
  </suite> <!-- Simplilearn -->
</testng-results>
