<?xml version="1.0" encoding="UTF-8"?>
<!-- Generated by org.testng.reporters.JUnitXMLReporter -->
<testsuite hostname="ip-172-31-87-16" ignored="0" name="Test" tests="3" failures="1" timestamp="12 Nov 2021 06:04:56 GMT" time="19.031" errors="0">
  <testcase name="ExcelTest" time="3.632" classname="test.LoginTest"/>
  <testcase name="NegativeLogin" time="3.478" classname="test.LoginTest">
    <failure type="java.lang.AssertionError" message="expected [true] but found [false]">
      <![CDATA[java.lang.AssertionError: expected [true] but found [false]
at test.LoginTest.NegativeLogin(LoginTest.java:21)
... Removed 29 stack frames]]>
    </failure>
  </testcase> <!-- NegativeLogin -->
  <testcase name="PositiveLogin" time="4.144" classname="test.LoginTest"/>
</testsuite> <!-- Test -->
